<?xml version="1.0" encoding="UTF-8"?>
<project name="test-scala" default="all">
  
  
  <property file="test-scala.properties"/>
  <!-- Uncomment the following property if no tests compilation is needed -->
  <!-- 
  <property name="skip.tests" value="true"/>
   -->
  
  <!-- Compiler options -->
  
  <property name="compiler.debug" value="on"/>
  <property name="compiler.generate.no.warnings" value="off"/>
  <property name="compiler.args" value=""/>
  <property name="compiler.max.memory" value="700m"/>
  <patternset id="ignored.files">
    <exclude name="**/*.hprof/**"/>
    <exclude name="**/*.pyc/**"/>
    <exclude name="**/*.pyo/**"/>
    <exclude name="**/*.rbc/**"/>
    <exclude name="**/*.yarb/**"/>
    <exclude name="**/*~/**"/>
    <exclude name="**/.DS_Store/**"/>
    <exclude name="**/.git/**"/>
    <exclude name="**/.hg/**"/>
    <exclude name="**/.svn/**"/>
    <exclude name="**/CVS/**"/>
    <exclude name="**/RCS/**"/>
    <exclude name="**/SCCS/**"/>
    <exclude name="**/__pycache__/**"/>
    <exclude name="**/_svn/**"/>
    <exclude name="**/rcs/**"/>
    <exclude name="**/vssver.scc/**"/>
    <exclude name="**/vssver2.scc/**"/>
  </patternset>
  <patternset id="library.patterns">
    <include name="*.egg"/>
    <include name="*.jar"/>
    <include name="*.ear"/>
    <include name="*.ane"/>
    <include name="*.apk"/>
    <include name="*.swc"/>
    <include name="*.war"/>
    <include name="*.zip"/>
  </patternset>
  <patternset id="compiler.resources">
    <exclude name="**/?*.java"/>
    <exclude name="**/?*.form"/>
    <exclude name="**/?*.class"/>
    <exclude name="**/?*.groovy"/>
    <exclude name="**/?*.scala"/>
    <exclude name="**/?*.flex"/>
    <exclude name="**/?*.kt"/>
    <exclude name="**/?*.clj"/>
    <exclude name="**/?*.aj"/>
  </patternset>
  
  <!-- JDK definitions -->
  
  <property name="jdk.bin.1.8" value="${jdk.home.1.8}/bin"/>
  <path id="jdk.classpath.1.8">
    <fileset dir="${jdk.home.1.8}">
      <include name="jre/lib/charsets.jar"/>
      <include name="jre/lib/deploy.jar"/>
      <include name="jre/lib/ext/cldrdata.jar"/>
      <include name="jre/lib/ext/dnsns.jar"/>
      <include name="jre/lib/ext/jaccess.jar"/>
      <include name="jre/lib/ext/jfxrt.jar"/>
      <include name="jre/lib/ext/localedata.jar"/>
      <include name="jre/lib/ext/nashorn.jar"/>
      <include name="jre/lib/ext/sunec.jar"/>
      <include name="jre/lib/ext/sunjce_provider.jar"/>
      <include name="jre/lib/ext/sunpkcs11.jar"/>
      <include name="jre/lib/ext/zipfs.jar"/>
      <include name="jre/lib/javaws.jar"/>
      <include name="jre/lib/jce.jar"/>
      <include name="jre/lib/jfr.jar"/>
      <include name="jre/lib/jfxswt.jar"/>
      <include name="jre/lib/jsse.jar"/>
      <include name="jre/lib/management-agent.jar"/>
      <include name="jre/lib/plugin.jar"/>
      <include name="jre/lib/resources.jar"/>
      <include name="jre/lib/rt.jar"/>
      <include name="lib/ant-javafx.jar"/>
      <include name="lib/dt.jar"/>
      <include name="lib/javafx-mx.jar"/>
      <include name="lib/jconsole.jar"/>
      <include name="lib/packager.jar"/>
      <include name="lib/sa-jdi.jar"/>
      <include name="lib/tools.jar"/>
    </fileset>
  </path>
  
  <property name="project.jdk.home" value="${jdk.home.1.8}"/>
  <property name="project.jdk.bin" value="${jdk.bin.1.8}"/>
  <property name="project.jdk.classpath" value="jdk.classpath.1.8"/>
  
  
  <!-- Project Libraries -->
  
  <path id="library.maven:_aopalliance:aopalliance:1.0.classpath">
    <pathelement location="${path.variable.maven_repository}/aopalliance/aopalliance/1.0/aopalliance-1.0.jar"/>
  </path>
  
  <path id="library.maven:_asm:asm:3.0.classpath">
    <pathelement location="${path.variable.maven_repository}/asm/asm/3.0/asm-3.0.jar"/>
  </path>
  
  <path id="library.maven:_classworlds:classworlds:1.1-alpha-2.classpath">
    <pathelement location="${path.variable.maven_repository}/classworlds/classworlds/1.1-alpha-2/classworlds-1.1-alpha-2.jar"/>
  </path>
  
  <path id="library.maven:_com.101tec:zkclient:0.3.classpath">
    <pathelement location="${path.variable.maven_repository}/com/101tec/zkclient/0.3/zkclient-0.3.jar"/>
  </path>
  
  <path id="library.maven:_com.chuusai:shapeless_2.11:2.0.0.classpath">
    <pathelement location="${path.variable.maven_repository}/com/chuusai/shapeless_2.11/2.0.0/shapeless_2.11-2.0.0.jar"/>
  </path>
  
  <path id="library.maven:_com.clearspring.analytics:stream:2.7.0.classpath">
    <pathelement location="${path.variable.maven_repository}/com/clearspring/analytics/stream/2.7.0/stream-2.7.0.jar"/>
  </path>
  
  <path id="library.maven:_com.esotericsoftware.kryo:kryo:2.21.classpath">
    <pathelement location="${path.variable.maven_repository}/com/esotericsoftware/kryo/kryo/2.21/kryo-2.21.jar"/>
  </path>
  
  <path id="library.maven:_com.esotericsoftware.minlog:minlog:1.2.classpath">
    <pathelement location="${path.variable.maven_repository}/com/esotericsoftware/minlog/minlog/1.2/minlog-1.2.jar"/>
  </path>
  
  <path id="library.maven:_com.esotericsoftware.reflectasm:reflectasm:shaded:1.07.classpath">
    <pathelement location="${path.variable.maven_repository}/com/esotericsoftware/reflectasm/reflectasm/1.07/reflectasm-1.07-shaded.jar"/>
  </path>
  
  <path id="library.maven:_com.esotericsoftware:kryo-shaded:3.0.3.classpath">
    <pathelement location="${path.variable.maven_repository}/com/esotericsoftware/kryo-shaded/3.0.3/kryo-shaded-3.0.3.jar"/>
  </path>
  
  <path id="library.maven:_com.esotericsoftware:minlog:1.3.0.classpath">
    <pathelement location="${path.variable.maven_repository}/com/esotericsoftware/minlog/1.3.0/minlog-1.3.0.jar"/>
  </path>
  
  <path id="library.maven:_com.fasterxml.jackson.core:jackson-annotations:2.4.4.classpath">
    <pathelement location="${path.variable.maven_repository}/com/fasterxml/jackson/core/jackson-annotations/2.4.4/jackson-annotations-2.4.4.jar"/>
  </path>
  
  <path id="library.maven:_com.fasterxml.jackson.core:jackson-core:2.4.4.classpath">
    <pathelement location="${path.variable.maven_repository}/com/fasterxml/jackson/core/jackson-core/2.4.4/jackson-core-2.4.4.jar"/>
  </path>
  
  <path id="library.maven:_com.fasterxml.jackson.core:jackson-databind:2.4.4.classpath">
    <pathelement location="${path.variable.maven_repository}/com/fasterxml/jackson/core/jackson-databind/2.4.4/jackson-databind-2.4.4.jar"/>
  </path>
  
  <path id="library.maven:_com.fasterxml.jackson.module:jackson-module-paranamer:2.6.5.classpath">
    <pathelement location="${path.variable.maven_repository}/com/fasterxml/jackson/module/jackson-module-paranamer/2.6.5/jackson-module-paranamer-2.6.5.jar"/>
  </path>
  
  <path id="library.maven:_com.fasterxml.jackson.module:jackson-module-scala_2.10:2.4.4.classpath">
    <pathelement location="${path.variable.maven_repository}/com/fasterxml/jackson/module/jackson-module-scala_2.10/2.4.4/jackson-module-scala_2.10-2.4.4.jar"/>
  </path>
  
  <path id="library.maven:_com.fasterxml.jackson.module:jackson-module-scala_2.11:2.6.5.classpath">
    <pathelement location="${path.variable.maven_repository}/com/fasterxml/jackson/module/jackson-module-scala_2.11/2.6.5/jackson-module-scala_2.11-2.6.5.jar"/>
  </path>
  
  <path id="library.maven:_com.github.fommil.netlib:core:1.1.2.classpath">
    <pathelement location="${path.variable.maven_repository}/com/github/fommil/netlib/core/1.1.2/core-1.1.2.jar"/>
  </path>
  
  <path id="library.maven:_com.github.rwl:jtransforms:2.4.0.classpath">
    <pathelement location="${path.variable.maven_repository}/com/github/rwl/jtransforms/2.4.0/jtransforms-2.4.0.jar"/>
  </path>
  
  <path id="library.maven:_com.google.code.findbugs:jsr305:1.3.9.classpath">
    <pathelement location="${path.variable.maven_repository}/com/google/code/findbugs/jsr305/1.3.9/jsr305-1.3.9.jar"/>
  </path>
  
  <path id="library.maven:_com.google.guava:guava:14.0.1.classpath">
    <pathelement location="${path.variable.maven_repository}/com/google/guava/guava/14.0.1/guava-14.0.1.jar"/>
  </path>
  
  <path id="library.maven:_com.google.inject:guice:3.0.classpath">
    <pathelement location="${path.variable.maven_repository}/com/google/inject/guice/3.0/guice-3.0.jar"/>
  </path>
  
  <path id="library.maven:_com.google.protobuf:protobuf-java:2.5.0.classpath">
    <pathelement location="${path.variable.maven_repository}/com/google/protobuf/protobuf-java/2.5.0/protobuf-java-2.5.0.jar"/>
  </path>
  
  <path id="library.maven:_com.jcraft:jsch:0.1.23.classpath">
    <pathelement location="${path.variable.maven_repository}/com/jcraft/jsch/0.1.23/jsch-0.1.23.jar"/>
  </path>
  
  <path id="library.maven:_com.ning:compress-lzf:1.0.3.classpath">
    <pathelement location="${path.variable.maven_repository}/com/ning/compress-lzf/1.0.3/compress-lzf-1.0.3.jar"/>
  </path>
  
  <path id="library.maven:_com.sun.jersey.contribs:jersey-guice:1.9.classpath">
    <pathelement location="${path.variable.maven_repository}/com/sun/jersey/contribs/jersey-guice/1.9/jersey-guice-1.9.jar"/>
  </path>
  
  <path id="library.maven:_com.sun.jersey.jersey-test-framework:jersey-test-framework-core:1.9.classpath">
    <pathelement location="${path.variable.maven_repository}/com/sun/jersey/jersey-test-framework/jersey-test-framework-core/1.9/jersey-test-framework-core-1.9.jar"/>
  </path>
  
  <path id="library.maven:_com.sun.jersey.jersey-test-framework:jersey-test-framework-grizzly2:1.9.classpath">
    <pathelement location="${path.variable.maven_repository}/com/sun/jersey/jersey-test-framework/jersey-test-framework-grizzly2/1.9/jersey-test-framework-grizzly2-1.9.jar"/>
  </path>
  
  <path id="library.maven:_com.sun.jersey:jersey-client:1.9.classpath">
    <pathelement location="${path.variable.maven_repository}/com/sun/jersey/jersey-client/1.9/jersey-client-1.9.jar"/>
  </path>
  
  <path id="library.maven:_com.sun.jersey:jersey-core:1.9.classpath">
    <pathelement location="${path.variable.maven_repository}/com/sun/jersey/jersey-core/1.9/jersey-core-1.9.jar"/>
  </path>
  
  <path id="library.maven:_com.sun.jersey:jersey-grizzly2:1.9.classpath">
    <pathelement location="${path.variable.maven_repository}/com/sun/jersey/jersey-grizzly2/1.9/jersey-grizzly2-1.9.jar"/>
  </path>
  
  <path id="library.maven:_com.sun.jersey:jersey-json:1.9.classpath">
    <pathelement location="${path.variable.maven_repository}/com/sun/jersey/jersey-json/1.9/jersey-json-1.9.jar"/>
  </path>
  
  <path id="library.maven:_com.sun.jersey:jersey-server:1.9.classpath">
    <pathelement location="${path.variable.maven_repository}/com/sun/jersey/jersey-server/1.9/jersey-server-1.9.jar"/>
  </path>
  
  <path id="library.maven:_com.sun.xml.bind:jaxb-impl:2.2.3-1.classpath">
    <pathelement location="${path.variable.maven_repository}/com/sun/xml/bind/jaxb-impl/2.2.3-1/jaxb-impl-2.2.3-1.jar"/>
  </path>
  
  <path id="library.maven:_com.thoughtworks.paranamer:paranamer:2.6.classpath">
    <pathelement location="${path.variable.maven_repository}/com/thoughtworks/paranamer/paranamer/2.6/paranamer-2.6.jar"/>
  </path>
  
  <path id="library.maven:_com.twitter:chill-java:0.5.0.classpath">
    <pathelement location="${path.variable.maven_repository}/com/twitter/chill-java/0.5.0/chill-java-0.5.0.jar"/>
  </path>
  
  <path id="library.maven:_com.twitter:chill_2.10:0.5.0.classpath">
    <pathelement location="${path.variable.maven_repository}/com/twitter/chill_2.10/0.5.0/chill_2.10-0.5.0.jar"/>
  </path>
  
  <path id="library.maven:_com.twitter:chill_2.11:0.8.0.classpath">
    <pathelement location="${path.variable.maven_repository}/com/twitter/chill_2.11/0.8.0/chill_2.11-0.8.0.jar"/>
  </path>
  
  <path id="library.maven:_com.typesafe.akka:akka-actor_2.10:2.3.11.classpath">
    <pathelement location="${path.variable.maven_repository}/com/typesafe/akka/akka-actor_2.10/2.3.11/akka-actor_2.10-2.3.11.jar"/>
  </path>
  
  <path id="library.maven:_com.typesafe.akka:akka-remote_2.10:2.3.11.classpath">
    <pathelement location="${path.variable.maven_repository}/com/typesafe/akka/akka-remote_2.10/2.3.11/akka-remote_2.10-2.3.11.jar"/>
  </path>
  
  <path id="library.maven:_com.typesafe.akka:akka-slf4j_2.10:2.3.11.classpath">
    <pathelement location="${path.variable.maven_repository}/com/typesafe/akka/akka-slf4j_2.10/2.3.11/akka-slf4j_2.10-2.3.11.jar"/>
  </path>
  
  <path id="library.maven:_com.typesafe:config:1.2.1.classpath">
    <pathelement location="${path.variable.maven_repository}/com/typesafe/config/1.2.1/config-1.2.1.jar"/>
  </path>
  
  <path id="library.maven:_com.univocity:univocity-parsers:2.2.1.classpath">
    <pathelement location="${path.variable.maven_repository}/com/univocity/univocity-parsers/2.2.1/univocity-parsers-2.2.1.jar"/>
  </path>
  
  <path id="library.maven:_com.yammer.metrics:metrics-core:2.2.0.classpath">
    <pathelement location="${path.variable.maven_repository}/com/yammer/metrics/metrics-core/2.2.0/metrics-core-2.2.0.jar"/>
  </path>
  
  <path id="library.maven:_commons-beanutils:commons-beanutils-core:1.8.0.classpath">
    <pathelement location="${path.variable.maven_repository}/commons-beanutils/commons-beanutils-core/1.8.0/commons-beanutils-core-1.8.0.jar"/>
  </path>
  
  <path id="library.maven:_commons-beanutils:commons-beanutils:1.7.0.classpath">
    <pathelement location="${path.variable.maven_repository}/commons-beanutils/commons-beanutils/1.7.0/commons-beanutils-1.7.0.jar"/>
  </path>
  
  <path id="library.maven:_commons-cli:commons-cli:1.2.classpath">
    <pathelement location="${path.variable.maven_repository}/commons-cli/commons-cli/1.2/commons-cli-1.2.jar"/>
  </path>
  
  <path id="library.maven:_commons-codec:commons-codec:1.3.classpath">
    <pathelement location="${path.variable.maven_repository}/commons-codec/commons-codec/1.3/commons-codec-1.3.jar"/>
  </path>
  
  <path id="library.maven:_commons-collections:commons-collections:2.0.classpath">
    <pathelement location="${path.variable.maven_repository}/commons-collections/commons-collections/2.0/commons-collections-2.0.jar"/>
  </path>
  
  <path id="library.maven:_commons-configuration:commons-configuration:1.6.classpath">
    <pathelement location="${path.variable.maven_repository}/commons-configuration/commons-configuration/1.6/commons-configuration-1.6.jar"/>
  </path>
  
  <path id="library.maven:_commons-digester:commons-digester:1.6.classpath">
    <pathelement location="${path.variable.maven_repository}/commons-digester/commons-digester/1.6/commons-digester-1.6.jar"/>
  </path>
  
  <path id="library.maven:_commons-httpclient:commons-httpclient:3.1.classpath">
    <pathelement location="${path.variable.maven_repository}/commons-httpclient/commons-httpclient/3.1/commons-httpclient-3.1.jar"/>
  </path>
  
  <path id="library.maven:_commons-io:commons-io:2.4.classpath">
    <pathelement location="${path.variable.maven_repository}/commons-io/commons-io/2.4/commons-io-2.4.jar"/>
  </path>
  
  <path id="library.maven:_commons-lang:commons-lang:2.4.classpath">
    <pathelement location="${path.variable.maven_repository}/commons-lang/commons-lang/2.4/commons-lang-2.4.jar"/>
  </path>
  
  <path id="library.maven:_commons-logging:commons-logging:1.0.4.classpath">
    <pathelement location="${path.variable.maven_repository}/commons-logging/commons-logging/1.0.4/commons-logging-1.0.4.jar"/>
  </path>
  
  <path id="library.maven:_commons-net:commons-net:2.2.classpath">
    <pathelement location="${path.variable.maven_repository}/commons-net/commons-net/2.2/commons-net-2.2.jar"/>
  </path>
  
  <path id="library.maven:_commons-validator:commons-validator:1.2.0.classpath">
    <pathelement location="${path.variable.maven_repository}/commons-validator/commons-validator/1.2.0/commons-validator-1.2.0.jar"/>
  </path>
  
  <path id="library.maven:_io.dropwizard.metrics:metrics-core:3.1.2.classpath">
    <pathelement location="${path.variable.maven_repository}/io/dropwizard/metrics/metrics-core/3.1.2/metrics-core-3.1.2.jar"/>
  </path>
  
  <path id="library.maven:_io.dropwizard.metrics:metrics-graphite:3.1.2.classpath">
    <pathelement location="${path.variable.maven_repository}/io/dropwizard/metrics/metrics-graphite/3.1.2/metrics-graphite-3.1.2.jar"/>
  </path>
  
  <path id="library.maven:_io.dropwizard.metrics:metrics-json:3.1.2.classpath">
    <pathelement location="${path.variable.maven_repository}/io/dropwizard/metrics/metrics-json/3.1.2/metrics-json-3.1.2.jar"/>
  </path>
  
  <path id="library.maven:_io.dropwizard.metrics:metrics-jvm:3.1.2.classpath">
    <pathelement location="${path.variable.maven_repository}/io/dropwizard/metrics/metrics-jvm/3.1.2/metrics-jvm-3.1.2.jar"/>
  </path>
  
  <path id="library.maven:_io.netty:netty-all:4.0.29.final.classpath">
    <pathelement location="${path.variable.maven_repository}/io/netty/netty-all/4.0.29.Final/netty-all-4.0.29.Final.jar"/>
  </path>
  
  <path id="library.maven:_io.netty:netty:3.8.0.final.classpath">
    <pathelement location="${path.variable.maven_repository}/io/netty/netty/3.8.0.Final/netty-3.8.0.Final.jar"/>
  </path>
  
  <path id="library.maven:_javax.activation:activation:1.1.classpath">
    <pathelement location="${path.variable.maven_repository}/javax/activation/activation/1.1/activation-1.1.jar"/>
  </path>
  
  <path id="library.maven:_javax.annotation:javax.annotation-api:1.2.classpath">
    <pathelement location="${path.variable.maven_repository}/javax/annotation/javax.annotation-api/1.2/javax.annotation-api-1.2.jar"/>
  </path>
  
  <path id="library.maven:_javax.inject:javax.inject:1.classpath">
    <pathelement location="${path.variable.maven_repository}/javax/inject/javax.inject/1/javax.inject-1.jar"/>
  </path>
  
  <path id="library.maven:_javax.servlet:javax.servlet-api:3.1.0.classpath">
    <pathelement location="${path.variable.maven_repository}/javax/servlet/javax.servlet-api/3.1.0/javax.servlet-api-3.1.0.jar"/>
  </path>
  
  <path id="library.maven:_javax.validation:validation-api:1.1.0.final.classpath">
    <pathelement location="${path.variable.maven_repository}/javax/validation/validation-api/1.1.0.Final/validation-api-1.1.0.Final.jar"/>
  </path>
  
  <path id="library.maven:_javax.ws.rs:javax.ws.rs-api:2.0.1.classpath">
    <pathelement location="${path.variable.maven_repository}/javax/ws/rs/javax.ws.rs-api/2.0.1/javax.ws.rs-api-2.0.1.jar"/>
  </path>
  
  <path id="library.maven:_javax.xml.bind:jaxb-api:2.2.2.classpath">
    <pathelement location="${path.variable.maven_repository}/javax/xml/bind/jaxb-api/2.2.2/jaxb-api-2.2.2.jar"/>
  </path>
  
  <path id="library.maven:_jline:jline:0.9.93.classpath">
    <pathelement location="${path.variable.maven_repository}/jline/jline/0.9.93/jline-0.9.93.jar"/>
  </path>
  
  <path id="library.maven:_junit:junit:4.12.classpath">
    <pathelement location="${path.variable.maven_repository}/junit/junit/4.12/junit-4.12.jar"/>
  </path>
  
  <path id="library.maven:_log4j:log4j:1.2.17.classpath">
    <pathelement location="${path.variable.maven_repository}/log4j/log4j/1.2.17/log4j-1.2.17.jar"/>
  </path>
  
  <path id="library.maven:_net.java.dev.jets3t:jets3t:0.7.1.classpath">
    <pathelement location="${path.variable.maven_repository}/net/java/dev/jets3t/jets3t/0.7.1/jets3t-0.7.1.jar"/>
  </path>
  
  <path id="library.maven:_net.jpountz.lz4:lz4:1.3.0.classpath">
    <pathelement location="${path.variable.maven_repository}/net/jpountz/lz4/lz4/1.3.0/lz4-1.3.0.jar"/>
  </path>
  
  <path id="library.maven:_net.razorvine:pyrolite:4.9.classpath">
    <pathelement location="${path.variable.maven_repository}/net/razorvine/pyrolite/4.9/pyrolite-4.9.jar"/>
  </path>
  
  <path id="library.maven:_net.sf.opencsv:opencsv:2.3.classpath">
    <pathelement location="${path.variable.maven_repository}/net/sf/opencsv/opencsv/2.3/opencsv-2.3.jar"/>
  </path>
  
  <path id="library.maven:_net.sf.py4j:py4j:0.9.classpath">
    <pathelement location="${path.variable.maven_repository}/net/sf/py4j/py4j/0.9/py4j-0.9.jar"/>
  </path>
  
  <path id="library.maven:_net.sourceforge.f2j:arpack_combined_all:0.1.classpath">
    <pathelement location="${path.variable.maven_repository}/net/sourceforge/f2j/arpack_combined_all/0.1/arpack_combined_all-0.1.jar"/>
  </path>
  
  <path id="library.maven:_org.antlr:antlr4-runtime:4.5.3.classpath">
    <pathelement location="${path.variable.maven_repository}/org/antlr/antlr4-runtime/4.5.3/antlr4-runtime-4.5.3.jar"/>
  </path>
  
  <path id="library.maven:_org.apache.avro:avro-ipc:1.7.7.classpath">
    <pathelement location="${path.variable.maven_repository}/org/apache/avro/avro-ipc/1.7.7/avro-ipc-1.7.7.jar"/>
  </path>
  
  <path id="library.maven:_org.apache.avro:avro-ipc:tests:1.7.7.classpath">
    <pathelement location="${path.variable.maven_repository}/org/apache/avro/avro-ipc/1.7.7/avro-ipc-1.7.7-tests.jar"/>
  </path>
  
  <path id="library.maven:_org.apache.avro:avro-mapred:hadoop2:1.7.7.classpath">
    <pathelement location="${path.variable.maven_repository}/org/apache/avro/avro-mapred/1.7.7/avro-mapred-1.7.7-hadoop2.jar"/>
  </path>
  
  <path id="library.maven:_org.apache.avro:avro:1.7.7.classpath">
    <pathelement location="${path.variable.maven_repository}/org/apache/avro/avro/1.7.7/avro-1.7.7.jar"/>
  </path>
  
  <path id="library.maven:_org.apache.commons:commons-compress:1.4.1.classpath">
    <pathelement location="${path.variable.maven_repository}/org/apache/commons/commons-compress/1.4.1/commons-compress-1.4.1.jar"/>
  </path>
  
  <path id="library.maven:_org.apache.commons:commons-crypto:1.0.0.classpath">
    <pathelement location="${path.variable.maven_repository}/org/apache/commons/commons-crypto/1.0.0/commons-crypto-1.0.0.jar"/>
  </path>
  
  <path id="library.maven:_org.apache.commons:commons-exec:1.0.classpath">
    <pathelement location="${path.variable.maven_repository}/org/apache/commons/commons-exec/1.0/commons-exec-1.0.jar"/>
  </path>
  
  <path id="library.maven:_org.apache.commons:commons-lang3:3.3.2.classpath">
    <pathelement location="${path.variable.maven_repository}/org/apache/commons/commons-lang3/3.3.2/commons-lang3-3.3.2.jar"/>
  </path>
  
  <path id="library.maven:_org.apache.commons:commons-math3:3.4.1.classpath">
    <pathelement location="${path.variable.maven_repository}/org/apache/commons/commons-math3/3.4.1/commons-math3-3.4.1.jar"/>
  </path>
  
  <path id="library.maven:_org.apache.commons:commons-math:2.1.classpath">
    <pathelement location="${path.variable.maven_repository}/org/apache/commons/commons-math/2.1/commons-math-2.1.jar"/>
  </path>
  
  <path id="library.maven:_org.apache.curator:curator-client:2.4.0.classpath">
    <pathelement location="${path.variable.maven_repository}/org/apache/curator/curator-client/2.4.0/curator-client-2.4.0.jar"/>
  </path>
  
  <path id="library.maven:_org.apache.curator:curator-framework:2.4.0.classpath">
    <pathelement location="${path.variable.maven_repository}/org/apache/curator/curator-framework/2.4.0/curator-framework-2.4.0.jar"/>
  </path>
  
  <path id="library.maven:_org.apache.curator:curator-recipes:2.4.0.classpath">
    <pathelement location="${path.variable.maven_repository}/org/apache/curator/curator-recipes/2.4.0/curator-recipes-2.4.0.jar"/>
  </path>
  
  <path id="library.maven:_org.apache.hadoop:hadoop-annotations:2.2.0.classpath">
    <pathelement location="${path.variable.maven_repository}/org/apache/hadoop/hadoop-annotations/2.2.0/hadoop-annotations-2.2.0.jar"/>
  </path>
  
  <path id="library.maven:_org.apache.hadoop:hadoop-auth:2.2.0.classpath">
    <pathelement location="${path.variable.maven_repository}/org/apache/hadoop/hadoop-auth/2.2.0/hadoop-auth-2.2.0.jar"/>
  </path>
  
  <path id="library.maven:_org.apache.hadoop:hadoop-client:2.2.0.classpath">
    <pathelement location="${path.variable.maven_repository}/org/apache/hadoop/hadoop-client/2.2.0/hadoop-client-2.2.0.jar"/>
  </path>
  
  <path id="library.maven:_org.apache.hadoop:hadoop-common:2.2.0.classpath">
    <pathelement location="${path.variable.maven_repository}/org/apache/hadoop/hadoop-common/2.2.0/hadoop-common-2.2.0.jar"/>
  </path>
  
  <path id="library.maven:_org.apache.hadoop:hadoop-hdfs:2.2.0.classpath">
    <pathelement location="${path.variable.maven_repository}/org/apache/hadoop/hadoop-hdfs/2.2.0/hadoop-hdfs-2.2.0.jar"/>
  </path>
  
  <path id="library.maven:_org.apache.hadoop:hadoop-mapreduce-client-app:2.2.0.classpath">
    <pathelement location="${path.variable.maven_repository}/org/apache/hadoop/hadoop-mapreduce-client-app/2.2.0/hadoop-mapreduce-client-app-2.2.0.jar"/>
  </path>
  
  <path id="library.maven:_org.apache.hadoop:hadoop-mapreduce-client-common:2.2.0.classpath">
    <pathelement location="${path.variable.maven_repository}/org/apache/hadoop/hadoop-mapreduce-client-common/2.2.0/hadoop-mapreduce-client-common-2.2.0.jar"/>
  </path>
  
  <path id="library.maven:_org.apache.hadoop:hadoop-mapreduce-client-core:2.2.0.classpath">
    <pathelement location="${path.variable.maven_repository}/org/apache/hadoop/hadoop-mapreduce-client-core/2.2.0/hadoop-mapreduce-client-core-2.2.0.jar"/>
  </path>
  
  <path id="library.maven:_org.apache.hadoop:hadoop-mapreduce-client-jobclient:2.2.0.classpath">
    <pathelement location="${path.variable.maven_repository}/org/apache/hadoop/hadoop-mapreduce-client-jobclient/2.2.0/hadoop-mapreduce-client-jobclient-2.2.0.jar"/>
  </path>
  
  <path id="library.maven:_org.apache.hadoop:hadoop-mapreduce-client-shuffle:2.2.0.classpath">
    <pathelement location="${path.variable.maven_repository}/org/apache/hadoop/hadoop-mapreduce-client-shuffle/2.2.0/hadoop-mapreduce-client-shuffle-2.2.0.jar"/>
  </path>
  
  <path id="library.maven:_org.apache.hadoop:hadoop-yarn-api:2.2.0.classpath">
    <pathelement location="${path.variable.maven_repository}/org/apache/hadoop/hadoop-yarn-api/2.2.0/hadoop-yarn-api-2.2.0.jar"/>
  </path>
  
  <path id="library.maven:_org.apache.hadoop:hadoop-yarn-client:2.2.0.classpath">
    <pathelement location="${path.variable.maven_repository}/org/apache/hadoop/hadoop-yarn-client/2.2.0/hadoop-yarn-client-2.2.0.jar"/>
  </path>
  
  <path id="library.maven:_org.apache.hadoop:hadoop-yarn-common:2.2.0.classpath">
    <pathelement location="${path.variable.maven_repository}/org/apache/hadoop/hadoop-yarn-common/2.2.0/hadoop-yarn-common-2.2.0.jar"/>
  </path>
  
  <path id="library.maven:_org.apache.hadoop:hadoop-yarn-server-common:2.2.0.classpath">
    <pathelement location="${path.variable.maven_repository}/org/apache/hadoop/hadoop-yarn-server-common/2.2.0/hadoop-yarn-server-common-2.2.0.jar"/>
  </path>
  
  <path id="library.maven:_org.apache.ivy:ivy:2.4.0.classpath">
    <pathelement location="${path.variable.maven_repository}/org/apache/ivy/ivy/2.4.0/ivy-2.4.0.jar"/>
  </path>
  
  <path id="library.maven:_org.apache.kafka:kafka-clients:0.8.2.1.classpath">
    <pathelement location="${path.variable.maven_repository}/org/apache/kafka/kafka-clients/0.8.2.1/kafka-clients-0.8.2.1.jar"/>
  </path>
  
  <path id="library.maven:_org.apache.kafka:kafka_2.10:0.8.2.1.classpath">
    <pathelement location="${path.variable.maven_repository}/org/apache/kafka/kafka_2.10/0.8.2.1/kafka_2.10-0.8.2.1.jar"/>
  </path>
  
  <path id="library.maven:_org.apache.maven.doxia:doxia-core:1.0-alpha-7.classpath">
    <pathelement location="${path.variable.maven_repository}/org/apache/maven/doxia/doxia-core/1.0-alpha-7/doxia-core-1.0-alpha-7.jar"/>
  </path>
  
  <path id="library.maven:_org.apache.maven.doxia:doxia-decoration-model:1.0-alpha-8.classpath">
    <pathelement location="${path.variable.maven_repository}/org/apache/maven/doxia/doxia-decoration-model/1.0-alpha-8/doxia-decoration-model-1.0-alpha-8.jar"/>
  </path>
  
  <path id="library.maven:_org.apache.maven.doxia:doxia-sink-api:1.0-alpha-7.classpath">
    <pathelement location="${path.variable.maven_repository}/org/apache/maven/doxia/doxia-sink-api/1.0-alpha-7/doxia-sink-api-1.0-alpha-7.jar"/>
  </path>
  
  <path id="library.maven:_org.apache.maven.doxia:doxia-site-renderer:1.0-alpha-8.classpath">
    <pathelement location="${path.variable.maven_repository}/org/apache/maven/doxia/doxia-site-renderer/1.0-alpha-8/doxia-site-renderer-1.0-alpha-8.jar"/>
  </path>
  
  <path id="library.maven:_org.apache.maven.reporting:maven-reporting-api:2.0.4.classpath">
    <pathelement location="${path.variable.maven_repository}/org/apache/maven/reporting/maven-reporting-api/2.0.4/maven-reporting-api-2.0.4.jar"/>
  </path>
  
  <path id="library.maven:_org.apache.maven.reporting:maven-reporting-impl:2.0.4.classpath">
    <pathelement location="${path.variable.maven_repository}/org/apache/maven/reporting/maven-reporting-impl/2.0.4/maven-reporting-impl-2.0.4.jar"/>
  </path>
  
  <path id="library.maven:_org.apache.maven.shared:maven-common-artifact-filters:1.0.classpath">
    <pathelement location="${path.variable.maven_repository}/org/apache/maven/shared/maven-common-artifact-filters/1.0/maven-common-artifact-filters-1.0.jar"/>
  </path>
  
  <path id="library.maven:_org.apache.maven.shared:maven-dependency-analyzer:1.1.classpath">
    <pathelement location="${path.variable.maven_repository}/org/apache/maven/shared/maven-dependency-analyzer/1.1/maven-dependency-analyzer-1.1.jar"/>
  </path>
  
  <path id="library.maven:_org.apache.maven.shared:maven-dependency-tree:1.2.classpath">
    <pathelement location="${path.variable.maven_repository}/org/apache/maven/shared/maven-dependency-tree/1.2/maven-dependency-tree-1.2.jar"/>
  </path>
  
  <path id="library.maven:_org.apache.maven.shared:maven-plugin-testing-harness:1.1.classpath">
    <pathelement location="${path.variable.maven_repository}/org/apache/maven/shared/maven-plugin-testing-harness/1.1/maven-plugin-testing-harness-1.1.jar"/>
  </path>
  
  <path id="library.maven:_org.apache.maven.wagon:wagon-file:1.0-alpha-5.classpath">
    <pathelement location="${path.variable.maven_repository}/org/apache/maven/wagon/wagon-file/1.0-alpha-5/wagon-file-1.0-alpha-5.jar"/>
  </path>
  
  <path id="library.maven:_org.apache.maven.wagon:wagon-http-lightweight:1.0-alpha-5.classpath">
    <pathelement location="${path.variable.maven_repository}/org/apache/maven/wagon/wagon-http-lightweight/1.0-alpha-5/wagon-http-lightweight-1.0-alpha-5.jar"/>
  </path>
  
  <path id="library.maven:_org.apache.maven.wagon:wagon-provider-api:1.0-beta-2.classpath">
    <pathelement location="${path.variable.maven_repository}/org/apache/maven/wagon/wagon-provider-api/1.0-beta-2/wagon-provider-api-1.0-beta-2.jar"/>
  </path>
  
  <path id="library.maven:_org.apache.maven.wagon:wagon-ssh:1.0-alpha-5.classpath">
    <pathelement location="${path.variable.maven_repository}/org/apache/maven/wagon/wagon-ssh/1.0-alpha-5/wagon-ssh-1.0-alpha-5.jar"/>
  </path>
  
  <path id="library.maven:_org.apache.maven:maven-artifact-manager:2.0.9.classpath">
    <pathelement location="${path.variable.maven_repository}/org/apache/maven/maven-artifact-manager/2.0.9/maven-artifact-manager-2.0.9.jar"/>
  </path>
  
  <path id="library.maven:_org.apache.maven:maven-artifact:2.0.9.classpath">
    <pathelement location="${path.variable.maven_repository}/org/apache/maven/maven-artifact/2.0.9/maven-artifact-2.0.9.jar"/>
  </path>
  
  <path id="library.maven:_org.apache.maven:maven-core:2.0.classpath">
    <pathelement location="${path.variable.maven_repository}/org/apache/maven/maven-core/2.0/maven-core-2.0.jar"/>
  </path>
  
  <path id="library.maven:_org.apache.maven:maven-error-diagnostics:2.0.classpath">
    <pathelement location="${path.variable.maven_repository}/org/apache/maven/maven-error-diagnostics/2.0/maven-error-diagnostics-2.0.jar"/>
  </path>
  
  <path id="library.maven:_org.apache.maven:maven-model:2.0.9.classpath">
    <pathelement location="${path.variable.maven_repository}/org/apache/maven/maven-model/2.0.9/maven-model-2.0.9.jar"/>
  </path>
  
  <path id="library.maven:_org.apache.maven:maven-monitor:2.0.classpath">
    <pathelement location="${path.variable.maven_repository}/org/apache/maven/maven-monitor/2.0/maven-monitor-2.0.jar"/>
  </path>
  
  <path id="library.maven:_org.apache.maven:maven-plugin-api:2.0.9.classpath">
    <pathelement location="${path.variable.maven_repository}/org/apache/maven/maven-plugin-api/2.0.9/maven-plugin-api-2.0.9.jar"/>
  </path>
  
  <path id="library.maven:_org.apache.maven:maven-plugin-descriptor:2.0.classpath">
    <pathelement location="${path.variable.maven_repository}/org/apache/maven/maven-plugin-descriptor/2.0/maven-plugin-descriptor-2.0.jar"/>
  </path>
  
  <path id="library.maven:_org.apache.maven:maven-plugin-parameter-documenter:2.0.classpath">
    <pathelement location="${path.variable.maven_repository}/org/apache/maven/maven-plugin-parameter-documenter/2.0/maven-plugin-parameter-documenter-2.0.jar"/>
  </path>
  
  <path id="library.maven:_org.apache.maven:maven-plugin-registry:2.0.9.classpath">
    <pathelement location="${path.variable.maven_repository}/org/apache/maven/maven-plugin-registry/2.0.9/maven-plugin-registry-2.0.9.jar"/>
  </path>
  
  <path id="library.maven:_org.apache.maven:maven-profile:2.0.9.classpath">
    <pathelement location="${path.variable.maven_repository}/org/apache/maven/maven-profile/2.0.9/maven-profile-2.0.9.jar"/>
  </path>
  
  <path id="library.maven:_org.apache.maven:maven-project:2.0.9.classpath">
    <pathelement location="${path.variable.maven_repository}/org/apache/maven/maven-project/2.0.9/maven-project-2.0.9.jar"/>
  </path>
  
  <path id="library.maven:_org.apache.maven:maven-repository-metadata:2.0.9.classpath">
    <pathelement location="${path.variable.maven_repository}/org/apache/maven/maven-repository-metadata/2.0.9/maven-repository-metadata-2.0.9.jar"/>
  </path>
  
  <path id="library.maven:_org.apache.maven:maven-settings:2.0.9.classpath">
    <pathelement location="${path.variable.maven_repository}/org/apache/maven/maven-settings/2.0.9/maven-settings-2.0.9.jar"/>
  </path>
  
  <path id="library.maven:_org.apache.mesos:mesos:shaded-protobuf:0.21.1.classpath">
    <pathelement location="${path.variable.maven_repository}/org/apache/mesos/mesos/0.21.1/mesos-0.21.1-shaded-protobuf.jar"/>
  </path>
  
  <path id="library.maven:_org.apache.parquet:parquet-column:1.8.1.classpath">
    <pathelement location="${path.variable.maven_repository}/org/apache/parquet/parquet-column/1.8.1/parquet-column-1.8.1.jar"/>
  </path>
  
  <path id="library.maven:_org.apache.parquet:parquet-common:1.8.1.classpath">
    <pathelement location="${path.variable.maven_repository}/org/apache/parquet/parquet-common/1.8.1/parquet-common-1.8.1.jar"/>
  </path>
  
  <path id="library.maven:_org.apache.parquet:parquet-encoding:1.8.1.classpath">
    <pathelement location="${path.variable.maven_repository}/org/apache/parquet/parquet-encoding/1.8.1/parquet-encoding-1.8.1.jar"/>
  </path>
  
  <path id="library.maven:_org.apache.parquet:parquet-format:2.3.0-incubating.classpath">
    <pathelement location="${path.variable.maven_repository}/org/apache/parquet/parquet-format/2.3.0-incubating/parquet-format-2.3.0-incubating.jar"/>
  </path>
  
  <path id="library.maven:_org.apache.parquet:parquet-hadoop:1.8.1.classpath">
    <pathelement location="${path.variable.maven_repository}/org/apache/parquet/parquet-hadoop/1.8.1/parquet-hadoop-1.8.1.jar"/>
  </path>
  
  <path id="library.maven:_org.apache.parquet:parquet-jackson:1.8.1.classpath">
    <pathelement location="${path.variable.maven_repository}/org/apache/parquet/parquet-jackson/1.8.1/parquet-jackson-1.8.1.jar"/>
  </path>
  
  <path id="library.maven:_org.apache.spark:spark-catalyst_2.11:2.1.0.classpath">
    <pathelement location="${path.variable.maven_repository}/org/apache/spark/spark-catalyst_2.11/2.1.0/spark-catalyst_2.11-2.1.0.jar"/>
  </path>
  
  <path id="library.maven:_org.apache.spark:spark-core_2.10:1.6.1.classpath">
    <pathelement location="${path.variable.maven_repository}/org/apache/spark/spark-core_2.10/1.6.1/spark-core_2.10-1.6.1.jar"/>
  </path>
  
  <path id="library.maven:_org.apache.spark:spark-core_2.11:2.1.0.classpath">
    <pathelement location="${path.variable.maven_repository}/org/apache/spark/spark-core_2.11/2.1.0/spark-core_2.11-2.1.0.jar"/>
  </path>
  
  <path id="library.maven:_org.apache.spark:spark-graphx_2.11:2.1.0.classpath">
    <pathelement location="${path.variable.maven_repository}/org/apache/spark/spark-graphx_2.11/2.1.0/spark-graphx_2.11-2.1.0.jar"/>
  </path>
  
  <path id="library.maven:_org.apache.spark:spark-launcher_2.10:1.6.1.classpath">
    <pathelement location="${path.variable.maven_repository}/org/apache/spark/spark-launcher_2.10/1.6.1/spark-launcher_2.10-1.6.1.jar"/>
  </path>
  
  <path id="library.maven:_org.apache.spark:spark-launcher_2.11:2.1.0.classpath">
    <pathelement location="${path.variable.maven_repository}/org/apache/spark/spark-launcher_2.11/2.1.0/spark-launcher_2.11-2.1.0.jar"/>
  </path>
  
  <path id="library.maven:_org.apache.spark:spark-mllib-local_2.11:2.1.0.classpath">
    <pathelement location="${path.variable.maven_repository}/org/apache/spark/spark-mllib-local_2.11/2.1.0/spark-mllib-local_2.11-2.1.0.jar"/>
  </path>
  
  <path id="library.maven:_org.apache.spark:spark-mllib_2.11:2.1.0.classpath">
    <pathelement location="${path.variable.maven_repository}/org/apache/spark/spark-mllib_2.11/2.1.0/spark-mllib_2.11-2.1.0.jar"/>
  </path>
  
  <path id="library.maven:_org.apache.spark:spark-network-common_2.10:1.6.1.classpath">
    <pathelement location="${path.variable.maven_repository}/org/apache/spark/spark-network-common_2.10/1.6.1/spark-network-common_2.10-1.6.1.jar"/>
  </path>
  
  <path id="library.maven:_org.apache.spark:spark-network-common_2.11:2.1.0.classpath">
    <pathelement location="${path.variable.maven_repository}/org/apache/spark/spark-network-common_2.11/2.1.0/spark-network-common_2.11-2.1.0.jar"/>
  </path>
  
  <path id="library.maven:_org.apache.spark:spark-network-shuffle_2.10:1.6.1.classpath">
    <pathelement location="${path.variable.maven_repository}/org/apache/spark/spark-network-shuffle_2.10/1.6.1/spark-network-shuffle_2.10-1.6.1.jar"/>
  </path>
  
  <path id="library.maven:_org.apache.spark:spark-network-shuffle_2.11:2.1.0.classpath">
    <pathelement location="${path.variable.maven_repository}/org/apache/spark/spark-network-shuffle_2.11/2.1.0/spark-network-shuffle_2.11-2.1.0.jar"/>
  </path>
  
  <path id="library.maven:_org.apache.spark:spark-sketch_2.11:2.1.0.classpath">
    <pathelement location="${path.variable.maven_repository}/org/apache/spark/spark-sketch_2.11/2.1.0/spark-sketch_2.11-2.1.0.jar"/>
  </path>
  
  <path id="library.maven:_org.apache.spark:spark-sql_2.11:2.1.0.classpath">
    <pathelement location="${path.variable.maven_repository}/org/apache/spark/spark-sql_2.11/2.1.0/spark-sql_2.11-2.1.0.jar"/>
  </path>
  
  <path id="library.maven:_org.apache.spark:spark-streaming-kafka_2.10:1.6.3.classpath">
    <pathelement location="${path.variable.maven_repository}/org/apache/spark/spark-streaming-kafka_2.10/1.6.3/spark-streaming-kafka_2.10-1.6.3.jar"/>
  </path>
  
  <path id="library.maven:_org.apache.spark:spark-streaming_2.11:2.1.0.classpath">
    <pathelement location="${path.variable.maven_repository}/org/apache/spark/spark-streaming_2.11/2.1.0/spark-streaming_2.11-2.1.0.jar"/>
  </path>
  
  <path id="library.maven:_org.apache.spark:spark-tags_2.11:2.1.0.classpath">
    <pathelement location="${path.variable.maven_repository}/org/apache/spark/spark-tags_2.11/2.1.0/spark-tags_2.11-2.1.0.jar"/>
  </path>
  
  <path id="library.maven:_org.apache.spark:spark-unsafe_2.10:1.6.1.classpath">
    <pathelement location="${path.variable.maven_repository}/org/apache/spark/spark-unsafe_2.10/1.6.1/spark-unsafe_2.10-1.6.1.jar"/>
  </path>
  
  <path id="library.maven:_org.apache.spark:spark-unsafe_2.11:2.1.0.classpath">
    <pathelement location="${path.variable.maven_repository}/org/apache/spark/spark-unsafe_2.11/2.1.0/spark-unsafe_2.11-2.1.0.jar"/>
  </path>
  
  <path id="library.maven:_org.apache.xbean:xbean-asm5-shaded:4.4.classpath">
    <pathelement location="${path.variable.maven_repository}/org/apache/xbean/xbean-asm5-shaded/4.4/xbean-asm5-shaded-4.4.jar"/>
  </path>
  
  <path id="library.maven:_org.apache.zookeeper:zookeeper:3.4.5.classpath">
    <pathelement location="${path.variable.maven_repository}/org/apache/zookeeper/zookeeper/3.4.5/zookeeper-3.4.5.jar"/>
  </path>
  
  <path id="library.maven:_org.codehaus.jackson:jackson-core-asl:1.9.13.classpath">
    <pathelement location="${path.variable.maven_repository}/org/codehaus/jackson/jackson-core-asl/1.9.13/jackson-core-asl-1.9.13.jar"/>
  </path>
  
  <path id="library.maven:_org.codehaus.jackson:jackson-jaxrs:1.8.3.classpath">
    <pathelement location="${path.variable.maven_repository}/org/codehaus/jackson/jackson-jaxrs/1.8.3/jackson-jaxrs-1.8.3.jar"/>
  </path>
  
  <path id="library.maven:_org.codehaus.jackson:jackson-mapper-asl:1.9.13.classpath">
    <pathelement location="${path.variable.maven_repository}/org/codehaus/jackson/jackson-mapper-asl/1.9.13/jackson-mapper-asl-1.9.13.jar"/>
  </path>
  
  <path id="library.maven:_org.codehaus.jackson:jackson-xc:1.8.3.classpath">
    <pathelement location="${path.variable.maven_repository}/org/codehaus/jackson/jackson-xc/1.8.3/jackson-xc-1.8.3.jar"/>
  </path>
  
  <path id="library.maven:_org.codehaus.janino:commons-compiler:3.0.0.classpath">
    <pathelement location="${path.variable.maven_repository}/org/codehaus/janino/commons-compiler/3.0.0/commons-compiler-3.0.0.jar"/>
  </path>
  
  <path id="library.maven:_org.codehaus.janino:janino:3.0.0.classpath">
    <pathelement location="${path.variable.maven_repository}/org/codehaus/janino/janino/3.0.0/janino-3.0.0.jar"/>
  </path>
  
  <path id="library.maven:_org.codehaus.jettison:jettison:1.1.classpath">
    <pathelement location="${path.variable.maven_repository}/org/codehaus/jettison/jettison/1.1/jettison-1.1.jar"/>
  </path>
  
  <path id="library.maven:_org.codehaus.plexus:plexus-archiver:1.0-alpha-7.classpath">
    <pathelement location="${path.variable.maven_repository}/org/codehaus/plexus/plexus-archiver/1.0-alpha-7/plexus-archiver-1.0-alpha-7.jar"/>
  </path>
  
  <path id="library.maven:_org.codehaus.plexus:plexus-container-default:1.0-alpha-9-stable-1.classpath">
    <pathelement location="${path.variable.maven_repository}/org/codehaus/plexus/plexus-container-default/1.0-alpha-9-stable-1/plexus-container-default-1.0-alpha-9-stable-1.jar"/>
  </path>
  
  <path id="library.maven:_org.codehaus.plexus:plexus-i18n:1.0-beta-6.classpath">
    <pathelement location="${path.variable.maven_repository}/org/codehaus/plexus/plexus-i18n/1.0-beta-6/plexus-i18n-1.0-beta-6.jar"/>
  </path>
  
  <path id="library.maven:_org.codehaus.plexus:plexus-interactivity-api:1.0-alpha-4.classpath">
    <pathelement location="${path.variable.maven_repository}/org/codehaus/plexus/plexus-interactivity-api/1.0-alpha-4/plexus-interactivity-api-1.0-alpha-4.jar"/>
  </path>
  
  <path id="library.maven:_org.codehaus.plexus:plexus-utils:1.5.1.classpath">
    <pathelement location="${path.variable.maven_repository}/org/codehaus/plexus/plexus-utils/1.5.1/plexus-utils-1.5.1.jar"/>
  </path>
  
  <path id="library.maven:_org.codehaus.plexus:plexus-velocity:1.1.3.classpath">
    <pathelement location="${path.variable.maven_repository}/org/codehaus/plexus/plexus-velocity/1.1.3/plexus-velocity-1.1.3.jar"/>
  </path>
  
  <path id="library.maven:_org.eclipse.jetty.orbit:javax.servlet:3.0.0.v201112011016.classpath">
    <pathelement location="${path.variable.maven_repository}/org/eclipse/jetty/orbit/javax.servlet/3.0.0.v201112011016/javax.servlet-3.0.0.v201112011016.jar"/>
  </path>
  
  <path id="library.maven:_org.fusesource.leveldbjni:leveldbjni-all:1.8.classpath">
    <pathelement location="${path.variable.maven_repository}/org/fusesource/leveldbjni/leveldbjni-all/1.8/leveldbjni-all-1.8.jar"/>
  </path>
  
  <path id="library.maven:_org.glassfish.external:management-api:3.0.0-b012.classpath">
    <pathelement location="${path.variable.maven_repository}/org/glassfish/external/management-api/3.0.0-b012/management-api-3.0.0-b012.jar"/>
  </path>
  
  <path id="library.maven:_org.glassfish.gmbal:gmbal-api-only:3.0.0-b023.classpath">
    <pathelement location="${path.variable.maven_repository}/org/glassfish/gmbal/gmbal-api-only/3.0.0-b023/gmbal-api-only-3.0.0-b023.jar"/>
  </path>
  
  <path id="library.maven:_org.glassfish.grizzly:grizzly-framework:2.1.2.classpath">
    <pathelement location="${path.variable.maven_repository}/org/glassfish/grizzly/grizzly-framework/2.1.2/grizzly-framework-2.1.2.jar"/>
  </path>
  
  <path id="library.maven:_org.glassfish.grizzly:grizzly-http-server:2.1.2.classpath">
    <pathelement location="${path.variable.maven_repository}/org/glassfish/grizzly/grizzly-http-server/2.1.2/grizzly-http-server-2.1.2.jar"/>
  </path>
  
  <path id="library.maven:_org.glassfish.grizzly:grizzly-http-servlet:2.1.2.classpath">
    <pathelement location="${path.variable.maven_repository}/org/glassfish/grizzly/grizzly-http-servlet/2.1.2/grizzly-http-servlet-2.1.2.jar"/>
  </path>
  
  <path id="library.maven:_org.glassfish.grizzly:grizzly-http:2.1.2.classpath">
    <pathelement location="${path.variable.maven_repository}/org/glassfish/grizzly/grizzly-http/2.1.2/grizzly-http-2.1.2.jar"/>
  </path>
  
  <path id="library.maven:_org.glassfish.grizzly:grizzly-rcm:2.1.2.classpath">
    <pathelement location="${path.variable.maven_repository}/org/glassfish/grizzly/grizzly-rcm/2.1.2/grizzly-rcm-2.1.2.jar"/>
  </path>
  
  <path id="library.maven:_org.glassfish.hk2.external:aopalliance-repackaged:2.4.0-b34.classpath">
    <pathelement location="${path.variable.maven_repository}/org/glassfish/hk2/external/aopalliance-repackaged/2.4.0-b34/aopalliance-repackaged-2.4.0-b34.jar"/>
  </path>
  
  <path id="library.maven:_org.glassfish.hk2.external:javax.inject:2.4.0-b34.classpath">
    <pathelement location="${path.variable.maven_repository}/org/glassfish/hk2/external/javax.inject/2.4.0-b34/javax.inject-2.4.0-b34.jar"/>
  </path>
  
  <path id="library.maven:_org.glassfish.hk2:hk2-api:2.4.0-b34.classpath">
    <pathelement location="${path.variable.maven_repository}/org/glassfish/hk2/hk2-api/2.4.0-b34/hk2-api-2.4.0-b34.jar"/>
  </path>
  
  <path id="library.maven:_org.glassfish.hk2:hk2-locator:2.4.0-b34.classpath">
    <pathelement location="${path.variable.maven_repository}/org/glassfish/hk2/hk2-locator/2.4.0-b34/hk2-locator-2.4.0-b34.jar"/>
  </path>
  
  <path id="library.maven:_org.glassfish.hk2:hk2-utils:2.4.0-b34.classpath">
    <pathelement location="${path.variable.maven_repository}/org/glassfish/hk2/hk2-utils/2.4.0-b34/hk2-utils-2.4.0-b34.jar"/>
  </path>
  
  <path id="library.maven:_org.glassfish.hk2:osgi-resource-locator:1.0.1.classpath">
    <pathelement location="${path.variable.maven_repository}/org/glassfish/hk2/osgi-resource-locator/1.0.1/osgi-resource-locator-1.0.1.jar"/>
  </path>
  
  <path id="library.maven:_org.glassfish.jersey.bundles.repackaged:jersey-guava:2.22.2.classpath">
    <pathelement location="${path.variable.maven_repository}/org/glassfish/jersey/bundles/repackaged/jersey-guava/2.22.2/jersey-guava-2.22.2.jar"/>
  </path>
  
  <path id="library.maven:_org.glassfish.jersey.containers:jersey-container-servlet-core:2.22.2.classpath">
    <pathelement location="${path.variable.maven_repository}/org/glassfish/jersey/containers/jersey-container-servlet-core/2.22.2/jersey-container-servlet-core-2.22.2.jar"/>
  </path>
  
  <path id="library.maven:_org.glassfish.jersey.containers:jersey-container-servlet:2.22.2.classpath">
    <pathelement location="${path.variable.maven_repository}/org/glassfish/jersey/containers/jersey-container-servlet/2.22.2/jersey-container-servlet-2.22.2.jar"/>
  </path>
  
  <path id="library.maven:_org.glassfish.jersey.core:jersey-client:2.22.2.classpath">
    <pathelement location="${path.variable.maven_repository}/org/glassfish/jersey/core/jersey-client/2.22.2/jersey-client-2.22.2.jar"/>
  </path>
  
  <path id="library.maven:_org.glassfish.jersey.core:jersey-common:2.22.2.classpath">
    <pathelement location="${path.variable.maven_repository}/org/glassfish/jersey/core/jersey-common/2.22.2/jersey-common-2.22.2.jar"/>
  </path>
  
  <path id="library.maven:_org.glassfish.jersey.core:jersey-server:2.22.2.classpath">
    <pathelement location="${path.variable.maven_repository}/org/glassfish/jersey/core/jersey-server/2.22.2/jersey-server-2.22.2.jar"/>
  </path>
  
  <path id="library.maven:_org.glassfish.jersey.media:jersey-media-jaxb:2.22.2.classpath">
    <pathelement location="${path.variable.maven_repository}/org/glassfish/jersey/media/jersey-media-jaxb/2.22.2/jersey-media-jaxb-2.22.2.jar"/>
  </path>
  
  <path id="library.maven:_org.glassfish:javax.servlet:3.1.classpath">
    <pathelement location="${path.variable.maven_repository}/org/glassfish/javax.servlet/3.1/javax.servlet-3.1.jar"/>
  </path>
  
  <path id="library.maven:_org.hamcrest:hamcrest-core:1.3.classpath">
    <pathelement location="${path.variable.maven_repository}/org/hamcrest/hamcrest-core/1.3/hamcrest-core-1.3.jar"/>
  </path>
  
  <path id="library.maven:_org.javassist:javassist:3.18.1-ga.classpath">
    <pathelement location="${path.variable.maven_repository}/org/javassist/javassist/3.18.1-GA/javassist-3.18.1-GA.jar"/>
  </path>
  
  <path id="library.maven:_org.jpmml:pmml-model:1.2.15.classpath">
    <pathelement location="${path.variable.maven_repository}/org/jpmml/pmml-model/1.2.15/pmml-model-1.2.15.jar"/>
  </path>
  
  <path id="library.maven:_org.jpmml:pmml-schema:1.2.15.classpath">
    <pathelement location="${path.variable.maven_repository}/org/jpmml/pmml-schema/1.2.15/pmml-schema-1.2.15.jar"/>
  </path>
  
  <path id="library.maven:_org.json4s:json4s-ast_2.10:3.2.10.classpath">
    <pathelement location="${path.variable.maven_repository}/org/json4s/json4s-ast_2.10/3.2.10/json4s-ast_2.10-3.2.10.jar"/>
  </path>
  
  <path id="library.maven:_org.json4s:json4s-ast_2.11:3.2.11.classpath">
    <pathelement location="${path.variable.maven_repository}/org/json4s/json4s-ast_2.11/3.2.11/json4s-ast_2.11-3.2.11.jar"/>
  </path>
  
  <path id="library.maven:_org.json4s:json4s-core_2.10:3.2.10.classpath">
    <pathelement location="${path.variable.maven_repository}/org/json4s/json4s-core_2.10/3.2.10/json4s-core_2.10-3.2.10.jar"/>
  </path>
  
  <path id="library.maven:_org.json4s:json4s-core_2.11:3.2.11.classpath">
    <pathelement location="${path.variable.maven_repository}/org/json4s/json4s-core_2.11/3.2.11/json4s-core_2.11-3.2.11.jar"/>
  </path>
  
  <path id="library.maven:_org.json4s:json4s-jackson_2.10:3.2.10.classpath">
    <pathelement location="${path.variable.maven_repository}/org/json4s/json4s-jackson_2.10/3.2.10/json4s-jackson_2.10-3.2.10.jar"/>
  </path>
  
  <path id="library.maven:_org.json4s:json4s-jackson_2.11:3.2.11.classpath">
    <pathelement location="${path.variable.maven_repository}/org/json4s/json4s-jackson_2.11/3.2.11/json4s-jackson_2.11-3.2.11.jar"/>
  </path>
  
  <path id="library.maven:_org.mortbay.jetty:jetty-util:6.1.26.classpath">
    <pathelement location="${path.variable.maven_repository}/org/mortbay/jetty/jetty-util/6.1.26/jetty-util-6.1.26.jar"/>
  </path>
  
  <path id="library.maven:_org.objenesis:objenesis:1.2.classpath">
    <pathelement location="${path.variable.maven_repository}/org/objenesis/objenesis/1.2/objenesis-1.2.jar"/>
  </path>
  
  <path id="library.maven:_org.roaringbitmap:roaringbitmap:0.5.11.classpath">
    <pathelement location="${path.variable.maven_repository}/org/roaringbitmap/RoaringBitmap/0.5.11/RoaringBitmap-0.5.11.jar"/>
  </path>
  
  <path id="library.maven:_org.scala-lang.modules:scala-parser-combinators_2.11:1.0.4.classpath">
    <pathelement location="${path.variable.maven_repository}/org/scala-lang/modules/scala-parser-combinators_2.11/1.0.4/scala-parser-combinators_2.11-1.0.4.jar"/>
  </path>
  
  <path id="library.maven:_org.scala-lang.modules:scala-xml_2.11:1.0.2.classpath">
    <pathelement location="${path.variable.maven_repository}/org/scala-lang/modules/scala-xml_2.11/1.0.2/scala-xml_2.11-1.0.2.jar"/>
  </path>
  
  <path id="library.maven:_org.scala-lang:scala-compiler:2.11.7.classpath">
    <pathelement location="${path.variable.maven_repository}/org/scala-lang/scala-compiler/2.11.7/scala-compiler-2.11.7.jar"/>
  </path>
  
  <path id="library.maven:_org.scala-lang:scala-library:2.12.1.classpath">
    <pathelement location="${path.variable.maven_repository}/org/scala-lang/scala-library/2.12.1/scala-library-2.12.1.jar"/>
  </path>
  
  <path id="library.maven:_org.scala-lang:scala-reflect:2.11.7.classpath">
    <pathelement location="${path.variable.maven_repository}/org/scala-lang/scala-reflect/2.11.7/scala-reflect-2.11.7.jar"/>
  </path>
  
  <path id="library.maven:_org.scala-lang:scalap:2.10.0.classpath">
    <pathelement location="${path.variable.maven_repository}/org/scala-lang/scalap/2.10.0/scalap-2.10.0.jar"/>
  </path>
  
  <path id="library.maven:_org.scala-tools:maven-scala-plugin:2.12.classpath">
    <pathelement location="${path.variable.maven_repository}/org/scala-tools/maven-scala-plugin/2.12/maven-scala-plugin-2.12.jar"/>
  </path>
  
  <path id="library.maven:_org.scalanlp:breeze-macros_2.11:0.12.classpath">
    <pathelement location="${path.variable.maven_repository}/org/scalanlp/breeze-macros_2.11/0.12/breeze-macros_2.11-0.12.jar"/>
  </path>
  
  <path id="library.maven:_org.scalanlp:breeze_2.11:0.12.classpath">
    <pathelement location="${path.variable.maven_repository}/org/scalanlp/breeze_2.11/0.12/breeze_2.11-0.12.jar"/>
  </path>
  
  <path id="library.maven:_org.scalatest:scalatest_2.11:2.2.6.classpath">
    <pathelement location="${path.variable.maven_repository}/org/scalatest/scalatest_2.11/2.2.6/scalatest_2.11-2.2.6.jar"/>
  </path>
  
  <path id="library.maven:_org.scalaz.stream:scalaz-stream_2.11:0.8a.classpath">
    <pathelement location="${path.variable.maven_repository}/org/scalaz/stream/scalaz-stream_2.11/0.8a/scalaz-stream_2.11-0.8a.jar"/>
  </path>
  
  <path id="library.maven:_org.scalaz:scalaz-concurrent_2.11:7.2.0.classpath">
    <pathelement location="${path.variable.maven_repository}/org/scalaz/scalaz-concurrent_2.11/7.2.0/scalaz-concurrent_2.11-7.2.0.jar"/>
  </path>
  
  <path id="library.maven:_org.scalaz:scalaz-core_2.11:7.2.0.classpath">
    <pathelement location="${path.variable.maven_repository}/org/scalaz/scalaz-core_2.11/7.2.0/scalaz-core_2.11-7.2.0.jar"/>
  </path>
  
  <path id="library.maven:_org.scalaz:scalaz-effect_2.11:7.2.0.classpath">
    <pathelement location="${path.variable.maven_repository}/org/scalaz/scalaz-effect_2.11/7.2.0/scalaz-effect_2.11-7.2.0.jar"/>
  </path>
  
  <path id="library.maven:_org.scodec:scodec-bits_2.11:1.0.12.classpath">
    <pathelement location="${path.variable.maven_repository}/org/scodec/scodec-bits_2.11/1.0.12/scodec-bits_2.11-1.0.12.jar"/>
  </path>
  
  <path id="library.maven:_org.slf4j:jcl-over-slf4j:1.7.10.classpath">
    <pathelement location="${path.variable.maven_repository}/org/slf4j/jcl-over-slf4j/1.7.10/jcl-over-slf4j-1.7.10.jar"/>
  </path>
  
  <path id="library.maven:_org.slf4j:jul-to-slf4j:1.7.10.classpath">
    <pathelement location="${path.variable.maven_repository}/org/slf4j/jul-to-slf4j/1.7.10/jul-to-slf4j-1.7.10.jar"/>
  </path>
  
  <path id="library.maven:_org.slf4j:slf4j-api:1.7.10.classpath">
    <pathelement location="${path.variable.maven_repository}/org/slf4j/slf4j-api/1.7.10/slf4j-api-1.7.10.jar"/>
  </path>
  
  <path id="library.maven:_org.slf4j:slf4j-log4j12:1.7.10.classpath">
    <pathelement location="${path.variable.maven_repository}/org/slf4j/slf4j-log4j12/1.7.10/slf4j-log4j12-1.7.10.jar"/>
  </path>
  
  <path id="library.maven:_org.spark-project.spark:unused:1.0.0.classpath">
    <pathelement location="${path.variable.maven_repository}/org/spark-project/spark/unused/1.0.0/unused-1.0.0.jar"/>
  </path>
  
  <path id="library.maven:_org.specs2:specs2-common_2.11:3.7.2.classpath">
    <pathelement location="${path.variable.maven_repository}/org/specs2/specs2-common_2.11/3.7.2/specs2-common_2.11-3.7.2.jar"/>
  </path>
  
  <path id="library.maven:_org.specs2:specs2-core_2.11:3.7.2.classpath">
    <pathelement location="${path.variable.maven_repository}/org/specs2/specs2-core_2.11/3.7.2/specs2-core_2.11-3.7.2.jar"/>
  </path>
  
  <path id="library.maven:_org.specs2:specs2-junit_2.11:3.7.2.classpath">
    <pathelement location="${path.variable.maven_repository}/org/specs2/specs2-junit_2.11/3.7.2/specs2-junit_2.11-3.7.2.jar"/>
  </path>
  
  <path id="library.maven:_org.specs2:specs2-matcher_2.11:3.7.2.classpath">
    <pathelement location="${path.variable.maven_repository}/org/specs2/specs2-matcher_2.11/3.7.2/specs2-matcher_2.11-3.7.2.jar"/>
  </path>
  
  <path id="library.maven:_org.spire-math:kind-projector_2.11:0.7.1.classpath">
    <pathelement location="${path.variable.maven_repository}/org/spire-math/kind-projector_2.11/0.7.1/kind-projector_2.11-0.7.1.jar"/>
  </path>
  
  <path id="library.maven:_org.spire-math:spire-macros_2.11:0.7.4.classpath">
    <pathelement location="${path.variable.maven_repository}/org/spire-math/spire-macros_2.11/0.7.4/spire-macros_2.11-0.7.4.jar"/>
  </path>
  
  <path id="library.maven:_org.spire-math:spire_2.11:0.7.4.classpath">
    <pathelement location="${path.variable.maven_repository}/org/spire-math/spire_2.11/0.7.4/spire_2.11-0.7.4.jar"/>
  </path>
  
  <path id="library.maven:_org.tachyonproject:tachyon-client:0.8.2.classpath">
    <pathelement location="${path.variable.maven_repository}/org/tachyonproject/tachyon-client/0.8.2/tachyon-client-0.8.2.jar"/>
  </path>
  
  <path id="library.maven:_org.tachyonproject:tachyon-underfs-hdfs:0.8.2.classpath">
    <pathelement location="${path.variable.maven_repository}/org/tachyonproject/tachyon-underfs-hdfs/0.8.2/tachyon-underfs-hdfs-0.8.2.jar"/>
  </path>
  
  <path id="library.maven:_org.tachyonproject:tachyon-underfs-local:0.8.2.classpath">
    <pathelement location="${path.variable.maven_repository}/org/tachyonproject/tachyon-underfs-local/0.8.2/tachyon-underfs-local-0.8.2.jar"/>
  </path>
  
  <path id="library.maven:_org.tachyonproject:tachyon-underfs-s3:0.8.2.classpath">
    <pathelement location="${path.variable.maven_repository}/org/tachyonproject/tachyon-underfs-s3/0.8.2/tachyon-underfs-s3-0.8.2.jar"/>
  </path>
  
  <path id="library.maven:_org.tukaani:xz:1.0.classpath">
    <pathelement location="${path.variable.maven_repository}/org/tukaani/xz/1.0/xz-1.0.jar"/>
  </path>
  
  <path id="library.maven:_org.uncommons.maths:uncommons-maths:1.2.2a.classpath">
    <pathelement location="${path.variable.maven_repository}/org/uncommons/maths/uncommons-maths/1.2.2a/uncommons-maths-1.2.2a.jar"/>
  </path>
  
  <path id="library.maven:_org.xerial.snappy:snappy-java:1.1.2.classpath">
    <pathelement location="${path.variable.maven_repository}/org/xerial/snappy/snappy-java/1.1.2/snappy-java-1.1.2.jar"/>
  </path>
  
  <path id="library.maven:_oro:oro:2.0.8.classpath">
    <pathelement location="${path.variable.maven_repository}/oro/oro/2.0.8/oro-2.0.8.jar"/>
  </path>
  
  <path id="library.maven:_stax:stax-api:1.0.1.classpath">
    <pathelement location="${path.variable.maven_repository}/stax/stax-api/1.0.1/stax-api-1.0.1.jar"/>
  </path>
  
  <path id="library.maven:_velocity:velocity-dep:1.4.classpath">
    <pathelement location="${path.variable.maven_repository}/velocity/velocity-dep/1.4/velocity-dep-1.4.jar"/>
  </path>
  
  <path id="library.maven:_velocity:velocity:1.4.classpath">
    <pathelement location="${path.variable.maven_repository}/velocity/velocity/1.4/velocity-1.4.jar"/>
  </path>
  
  <path id="library.maven:_xml-apis:xml-apis:1.0.b2.classpath">
    <pathelement location="${path.variable.maven_repository}/xml-apis/xml-apis/1.0.b2/xml-apis-1.0.b2.jar"/>
  </path>
  
  <path id="library.maven:_xmlenc:xmlenc:0.52.classpath">
    <pathelement location="${path.variable.maven_repository}/xmlenc/xmlenc/0.52/xmlenc-0.52.jar"/>
  </path>
  
  
  <!-- Global Libraries -->
  
  <path id="library.scala-sdk-2.12.1.classpath">
    <pathelement location="/usr/local/share/scala/lib/scala-library.jar"/>
    <pathelement location="/usr/local/share/scala/lib/scala-parser-combinators_2.12-1.0.4.jar"/>
    <pathelement location="/usr/local/share/scala/lib/scala-reflect.jar"/>
    <pathelement location="/usr/local/share/scala/lib/scala-swing_2.12-2.0.0-M2.jar"/>
    <pathelement location="/usr/local/share/scala/lib/scala-xml_2.12-1.0.6.jar"/>
  </path>
  <!-- Register Custom Compiler Taskdefs -->
  <property name="javac2.home" value="${idea.home}/lib"/>
  <path id="javac2.classpath">
    <pathelement location="${javac2.home}/javac2.jar"/>
    <pathelement location="${javac2.home}/jdom.jar"/>
    <pathelement location="${javac2.home}/asm-all.jar"/>
    <pathelement location="${javac2.home}/jgoodies-forms.jar"/>
  </path>
  <target name="register.custom.compilers">
    <taskdef name="javac2" classname="com.intellij.ant.Javac2" classpathref="javac2.classpath"/>
    <taskdef name="instrumentIdeaExtensions" classname="com.intellij.ant.InstrumentIdeaExtensions" classpathref="javac2.classpath"/>
  </target>
  
  <!-- Modules -->
  
  <import file="${basedir}/module_test-scala.xml"/>
  
  <target name="init" description="Build initialization">
    <!-- Perform any build initialization in this target -->
  </target>
  
  <target name="clean" depends="clean.module.test-scala" description="cleanup all"/>
  
  <target name="build.modules" depends="init, clean, compile.module.test-scala" description="build all modules"/>
  
  <target name="all" depends="build.modules" description="build all"/>
</project>